2025-08-29 01:45:56,618 - datasets - INFO - PyTorch version 2.8.0+cpu available.
2025-08-29 01:45:57,042 - model_manager - INFO - ModelManager initialized with device: cpu
2025-08-29 01:45:57,042 - embedding_manager - INFO - EmbeddingManager initialized with model: sentence-transformers/all-MiniLM-L6-v2
2025-08-29 01:45:57,042 - mongodb_retriever - INFO - Attempting MongoDB connection (attempt 1/3)
2025-08-29 01:46:01,520 - conversation_manager - INFO - ConversationManager initialized with storage: conversations
2025-08-29 01:46:01,520 - robust_rag_chatbot - INFO - RobustRAGChatbot initialized
2025-08-29 01:46:01,521 - robust_rag_chatbot - INFO - Initializing RAG chatbot components...
2025-08-29 01:46:01,521 - embedding_manager - INFO - Loading embedding model: sentence-transformers/all-MiniLM-L6-v2
2025-08-29 01:46:01,525 - sentence_transformers.SentenceTransformer - INFO - Load pretrained SentenceTransformer: sentence-transformers/all-MiniLM-L6-v2
2025-08-29 01:46:11,705 - model_manager - INFO - Memory check passed: 15.8GB available, 4.0GB required
2025-08-29 01:46:11,705 - model_manager - INFO - Loading IBM Granite model: ibm-granite/granite-3.0-2b-instruct
2025-08-29 01:46:11,705 - model_manager - INFO - Loading tokenizer...
2025-08-29 01:46:21,746 - model_manager - INFO - Loading model...
2025-08-29 02:07:53,581 - datasets - INFO - PyTorch version 2.8.0+cpu available.
2025-08-29 02:07:53,966 - model_manager - INFO - ModelManager initialized with device: cpu
2025-08-29 02:07:53,966 - embedding_manager - INFO - EmbeddingManager initialized with model: sentence-transformers/all-MiniLM-L6-v2
2025-08-29 02:07:53,966 - mongodb_retriever - INFO - Attempting MongoDB connection (attempt 1/3)
2025-08-29 02:07:55,643 - mongodb_retriever - INFO - MongoDB connection successful
2025-08-29 02:07:55,644 - conversation_manager - INFO - ConversationManager initialized with storage: conversations
2025-08-29 02:07:55,644 - robust_rag_chatbot - INFO - RobustRAGChatbot initialized
2025-08-29 02:07:55,644 - robust_rag_chatbot - INFO - Initializing RAG chatbot components...
2025-08-29 02:07:55,644 - embedding_manager - INFO - Loading embedding model: sentence-transformers/all-MiniLM-L6-v2
2025-08-29 02:07:55,648 - sentence_transformers.SentenceTransformer - INFO - Load pretrained SentenceTransformer: sentence-transformers/all-MiniLM-L6-v2
2025-08-29 02:08:02,900 - embedding_manager - INFO - Embedding model loaded successfully on cpu
2025-08-29 02:08:02,905 - model_manager - INFO - Memory check passed: 16.8GB available, 4.0GB required
2025-08-29 02:08:02,905 - model_manager - INFO - Loading IBM Granite model: ibm-granite/granite-3.0-2b-instruct
2025-08-29 02:08:02,905 - model_manager - INFO - Loading tokenizer...
2025-08-29 02:08:04,211 - model_manager - INFO - Loading model...
2025-08-29 02:24:37,306 - datasets - INFO - PyTorch version 2.8.0+cpu available.
2025-08-29 02:24:37,658 - model_manager - INFO - ModelManager initialized with device: cpu
2025-08-29 02:24:37,658 - embedding_manager - INFO - EmbeddingManager initialized with model: sentence-transformers/all-MiniLM-L6-v2
2025-08-29 02:24:37,658 - mongodb_retriever - INFO - Attempting MongoDB connection (attempt 1/3)
2025-08-29 02:24:38,334 - mongodb_retriever - INFO - MongoDB connection successful
2025-08-29 02:24:38,334 - conversation_manager - INFO - ConversationManager initialized with storage: conversations
2025-08-29 02:24:38,334 - robust_rag_chatbot - INFO - RobustRAGChatbot initialized
2025-08-29 02:24:38,335 - robust_rag_chatbot - INFO - Initializing RAG chatbot components...
2025-08-29 02:24:38,335 - embedding_manager - INFO - Loading embedding model: sentence-transformers/all-MiniLM-L6-v2
2025-08-29 02:24:38,337 - sentence_transformers.SentenceTransformer - INFO - Load pretrained SentenceTransformer: sentence-transformers/all-MiniLM-L6-v2
2025-08-29 02:24:46,512 - embedding_manager - INFO - Embedding model loaded successfully on cpu
2025-08-29 02:24:46,516 - model_manager - INFO - Memory check passed: 16.9GB available, 4.0GB required
2025-08-29 02:24:46,516 - model_manager - INFO - Loading IBM Granite model: microsoft/DialoGPT-small
2025-08-29 02:24:46,516 - model_manager - INFO - Loading tokenizer...
2025-08-29 02:24:47,482 - model_manager - INFO - Loading model...
2025-08-29 02:24:49,369 - model_manager - INFO - Model loaded successfully
2025-08-29 02:24:49,369 - robust_rag_chatbot - INFO - ✅ RAG chatbot initialization complete
2025-08-29 02:24:49,372 - conversation_manager - INFO - Created new conversation: 4cc6fb42-46e0-4977-9bf5-491e50518e25
2025-08-29 02:24:49,372 - robust_rag_chatbot - INFO - Started conversation: 4cc6fb42-46e0-4977-9bf5-491e50518e25
2025-08-29 02:25:18,144 - mongodb_retriever - WARNING - No vector search results, falling back to sample documents
2025-08-29 02:25:28,222 - mongodb_retriever - WARNING - No vector search results, falling back to sample documents
2025-08-29 02:25:32,183 - mongodb_retriever - WARNING - No vector search results, falling back to sample documents
2025-08-29 02:25:35,771 - robust_rag_chatbot - INFO - Cleaning up RAG chatbot resources...
2025-08-29 02:25:35,961 - model_manager - INFO - GPU cache cleared
2025-08-29 02:25:35,961 - model_manager - INFO - Model unloaded successfully
2025-08-29 02:25:35,961 - embedding_manager - INFO - Embedding model unloaded
2025-08-29 02:25:35,996 - mongodb_retriever - INFO - MongoDB connection closed
2025-08-29 02:25:35,996 - robust_rag_chatbot - INFO - ✅ Cleanup complete
2025-08-29 02:25:35,996 - robust_rag_chatbot - INFO - Cleaning up RAG chatbot resources...
2025-08-29 02:25:36,181 - model_manager - INFO - GPU cache cleared
2025-08-29 02:25:36,181 - model_manager - INFO - Model unloaded successfully
2025-08-29 02:25:36,181 - mongodb_retriever - INFO - MongoDB connection closed
2025-08-29 02:25:36,181 - robust_rag_chatbot - INFO - ✅ Cleanup complete
2025-08-29 02:36:25,062 - datasets - INFO - PyTorch version 2.8.0+cpu available.
2025-08-29 02:36:25,440 - model_manager - INFO - ModelManager initialized with device: cpu
2025-08-29 02:36:25,441 - embedding_manager - INFO - EmbeddingManager initialized with model: sentence-transformers/all-MiniLM-L6-v2
2025-08-29 02:36:25,441 - mongodb_retriever - INFO - Attempting MongoDB connection (attempt 1/3)
2025-08-29 02:36:26,525 - mongodb_retriever - INFO - MongoDB connection successful
2025-08-29 02:36:26,525 - conversation_manager - INFO - ConversationManager initialized with storage: conversations
2025-08-29 02:36:26,526 - robust_rag_chatbot - INFO - RobustRAGChatbot initialized
2025-08-29 02:36:26,526 - robust_rag_chatbot - INFO - Initializing RAG chatbot components...
2025-08-29 02:36:26,526 - embedding_manager - INFO - Loading embedding model: sentence-transformers/all-MiniLM-L6-v2
2025-08-29 02:36:26,531 - sentence_transformers.SentenceTransformer - INFO - Load pretrained SentenceTransformer: sentence-transformers/all-MiniLM-L6-v2
2025-08-29 02:36:31,662 - embedding_manager - INFO - Embedding model loaded successfully on cpu
2025-08-29 02:36:31,667 - model_manager - INFO - Memory check passed: 16.6GB available, 4.0GB required
2025-08-29 02:36:31,667 - model_manager - INFO - Loading IBM Granite model: ibm-granite/granite-3.0-2b-instruct
2025-08-29 02:36:31,667 - model_manager - INFO - Loading tokenizer...
2025-08-29 02:36:32,526 - model_manager - INFO - Loading model...
2025-08-29 03:08:51,618 - datasets - INFO - PyTorch version 2.8.0+cpu available.
2025-08-29 03:08:51,986 - model_manager - INFO - ModelManager initialized with device: cpu
2025-08-29 03:08:51,986 - embedding_manager - INFO - EmbeddingManager initialized with model: sentence-transformers/all-MiniLM-L6-v2
2025-08-29 03:08:51,986 - mongodb_retriever - INFO - Attempting MongoDB connection (attempt 1/3)
2025-08-29 03:08:55,056 - mongodb_retriever - INFO - MongoDB connection successful
2025-08-29 03:08:55,056 - conversation_manager - INFO - ConversationManager initialized with storage: conversations
2025-08-29 03:08:55,057 - robust_rag_chatbot - INFO - RobustRAGChatbot initialized
2025-08-29 03:08:55,057 - robust_rag_chatbot - INFO - Initializing RAG chatbot components...
2025-08-29 03:08:55,057 - embedding_manager - INFO - Loading embedding model: sentence-transformers/all-MiniLM-L6-v2
2025-08-29 03:08:55,059 - sentence_transformers.SentenceTransformer - INFO - Load pretrained SentenceTransformer: sentence-transformers/all-MiniLM-L6-v2
2025-08-29 03:09:01,604 - embedding_manager - INFO - Embedding model loaded successfully on cpu
2025-08-29 03:09:01,609 - model_manager - INFO - Memory check passed: 16.9GB available, 4.0GB required
2025-08-29 03:09:01,609 - model_manager - INFO - Loading IBM Granite model: ibm-granite/granite-3.0-2b-instruct
2025-08-29 03:09:01,609 - model_manager - INFO - Loading tokenizer...
2025-08-29 03:09:02,603 - model_manager - INFO - Loading model...
2025-08-29 04:40:40,355 - model_manager - INFO - Model loaded successfully
2025-08-29 04:40:40,356 - robust_rag_chatbot - INFO - RAG chatbot initialization complete
2025-08-29 04:40:40,358 - conversation_manager - INFO - Created new conversation: ba158d6a-44be-49ad-963c-15f6bcd2fab0
2025-08-29 04:40:40,358 - robust_rag_chatbot - INFO - Started conversation: ba158d6a-44be-49ad-963c-15f6bcd2fab0
